TN:
SF:app.js
FN:5,prepareApp
FNF:1
FNH:1
FNDA:1,prepareApp
DA:1,1
DA:2,1
DA:3,1
DA:4,1
DA:5,1
DA:6,1
DA:7,1
DA:8,1
DA:9,1
DA:10,1
DA:11,1
DA:12,0
DA:13,0
DA:14,0
DA:15,0
DA:16,1
DA:17,1
DA:18,1
DA:19,2
DA:20,2
DA:21,2
DA:22,2
DA:23,2
DA:24,2
DA:25,2
DA:26,1
DA:27,1
DA:28,1
DA:29,1
DA:30,1
DA:31,1
DA:32,1
DA:33,1
DA:34,1
DA:35,1
DA:36,1
DA:37,1
DA:38,1
DA:39,1
DA:40,0
DA:41,0
DA:42,0
DA:43,1
DA:44,1
DA:45,1
DA:46,1
DA:47,1
DA:48,1
DA:49,1
DA:50,1
DA:51,0
DA:52,0
DA:53,0
DA:54,0
DA:55,1
DA:56,1
DA:57,1
DA:58,1
DA:59,1
DA:60,0
DA:61,1
DA:62,1
DA:63,1
DA:64,1
DA:65,1
DA:66,1
DA:67,1
DA:68,1
LF:68
LH:56
BRDA:5,0,0,1
BRDA:6,1,0,1
BRDA:11,2,0,0
BRDA:18,3,0,2
BRDA:25,4,0,1
BRDA:39,5,0,0
BRDA:50,6,0,0
BRDA:28,7,0,2
BRDA:34,8,0,2
BRDA:45,9,0,2
BRDA:47,10,0,3
BRF:11
BRH:8
end_of_record
TN:
SF:utils.js
FN:1,isIterableArray
FNF:1
FNH:1
FNDA:4,isIterableArray
DA:1,1
DA:2,4
DA:3,4
DA:4,1
DA:5,1
DA:6,1
DA:7,1
LF:7
LH:7
BRDA:1,0,0,4
BRF:1
BRH:1
end_of_record
TN:
SF:src/cache/index.js
FNF:0
FNH:0
DA:1,1
DA:2,1
DA:3,1
DA:4,1
DA:5,1
LF:5
LH:5
BRF:0
BRH:0
end_of_record
TN:
SF:src/logger/index.js
FNF:0
FNH:0
DA:1,1
DA:2,1
DA:3,1
DA:4,0
DA:5,0
DA:6,0
DA:7,0
DA:8,1
DA:9,1
DA:10,1
DA:11,1
DA:12,0
DA:13,1
DA:14,1
DA:15,1
DA:16,1
DA:17,1
DA:18,1
DA:19,1
DA:20,1
DA:21,1
DA:22,0
DA:23,1
DA:24,1
DA:25,1
DA:26,1
DA:27,1
DA:28,1
DA:29,1
DA:30,1
DA:31,1
DA:32,1
DA:33,1
DA:34,1
DA:35,1
DA:36,1
DA:37,1
LF:37
LH:31
BRDA:12,0,0,0
BRDA:22,1,0,0
BRF:2
BRH:0
end_of_record
TN:
SF:src/middlewares/index.js
FN:3,logErrorMiddleware
FNF:1
FNH:1
FNDA:3,logErrorMiddleware
DA:1,1
DA:2,1
DA:3,3
DA:4,3
DA:5,3
DA:6,3
DA:7,1
DA:8,1
DA:9,1
DA:10,1
LF:10
LH:10
BRDA:3,0,0,3
BRF:1
BRH:1
end_of_record
TN:
SF:src/request/index.js
FN:4,request
FNF:1
FNH:1
FNDA:3,request
DA:1,1
DA:2,1
DA:3,1
DA:4,1
DA:5,3
DA:6,3
DA:7,3
DA:8,0
DA:9,0
DA:10,3
DA:11,3
DA:12,3
DA:13,3
DA:14,3
DA:15,3
DA:16,3
DA:17,3
DA:18,3
DA:19,3
DA:20,3
DA:21,3
DA:22,3
DA:23,3
DA:24,3
DA:25,0
DA:26,0
DA:27,3
DA:28,0
DA:29,0
DA:30,3
DA:31,1
DA:32,1
LF:32
LH:26
BRDA:4,0,0,3
BRDA:7,1,0,0
BRDA:24,2,0,0
BRDA:27,3,0,0
BRF:4
BRH:1
end_of_record
